<?xml version="1.0" encoding="UTF-8" ?>
<testsuite tests="17" failures="0" name="LithuanianNationalIdValidatorTest" time="0.032" errors="0" skipped="0">
  <properties>
    <property name="idea.version" value="2021.2.1"/>
    <property name="java.runtime.name" value="Java(TM) SE Runtime Environment"/>
    <property name="java.vm.version" value="17.0.3.1+2-LTS-6"/>
    <property name="sun.boot.library.path" value="C:\Program Files\Java\jdk-17.0.3.1\bin"/>
    <property name="maven.multiModuleProjectDirectory" value="E:\ExtractedProjects\NationalIdValidation"/>
    <property name="java.vm.vendor" value="Oracle Corporation"/>
    <property name="java.vendor.url" value="https://java.oracle.com/"/>
    <property name="guice.disable.misplaced.annotation.check" value="true"/>
    <property name="path.separator" value=";"/>
    <property name="java.vm.name" value="Java HotSpot(TM) 64-Bit Server VM"/>
    <property name="sun.os.patch.level" value=""/>
    <property name="user.script" value=""/>
    <property name="user.country" value="US"/>
    <property name="sun.java.launcher" value="SUN_STANDARD"/>
    <property name="java.vm.specification.name" value="Java Virtual Machine Specification"/>
    <property name="user.dir" value="E:\ExtractedProjects\NationalIdValidation"/>
    <property name="java.vm.compressedOopsMode" value="Zero based"/>
    <property name="java.runtime.version" value="17.0.3.1+2-LTS-6"/>
    <property name="os.arch" value="amd64"/>
    <property name="java.io.tmpdir" value="C:\Users\Me\AppData\Local\Temp\"/>
    <property name="line.separator" value="
"/>
    <property name="java.vm.specification.vendor" value="Oracle Corporation"/>
    <property name="user.variant" value=""/>
    <property name="os.name" value="Windows 10"/>
    <property name="maven.ext.class.path" value="C:\Program Files\JetBrains\IntelliJ IDEA Community Edition 2021.2.1\plugins\maven\lib\maven-event-listener.jar"/>
    <property name="classworlds.conf" value="C:\Program Files\JetBrains\IntelliJ IDEA Community Edition 2021.2.1\plugins\maven\lib\maven3\bin\m2.conf"/>
    <property name="sun.jnu.encoding" value="Cp1252"/>
    <property name="java.library.path" value="C:\Program Files\Java\jdk-17.0.3.1\bin;C:\WINDOWS\Sun\Java\bin;C:\WINDOWS\system32;C:\WINDOWS;C:\Program Files\Common Files\Oracle\Java\javapath;C:\Program Files (x86)\Razer Chroma SDK\bin;C:\Program Files\Razer Chroma SDK\bin;C:\Program Files (x86)\Razer\ChromaBroadcast\bin;C:\Program Files\Razer\ChromaBroadcast\bin;C:\ProgramData\Oracle\Java\javapath;C:\Windows\system32;C:\Windows;C:\Windows\System32\Wbem;C:\Windows\System32\WindowsPowerShell\v1.0\;C:\Windows\System32\OpenSSH\;C:\Program Files (x86)\NVIDIA Corporation\PhysX\Common;C:\Program Files\NVIDIA Corporation\NVIDIA NvDLISR;C:\Program Files\Java\jdk-17.0.3.1\bin;&quot;;E:\Git\bin&quot;;C:\Program Files\Git\cmd;C:\WINDOWS\system32;C:\WINDOWS;C:\WINDOWS\System32\Wbem;C:\WINDOWS\System32\WindowsPowerShell\v1.0\;C:\WINDOWS\System32\OpenSSH\;C:\WINDOWS\system32\config\systemprofile\AppData\Local\Microsoft\WindowsApps;C:\Program Files\dotnet\;E:\maven\apache-maven-3.8.5\bin;C:\Users\Me\AppData\Local\Microsoft\WindowsApps;;D:\Microsoft VS Code\bin;C:\Program Files\JetBrains\IntelliJ IDEA Community Edition 2021.2.1\bin;;C:\Users\Me\.dotnet\tools;."/>
    <property name="maven.conf" value="C:\Program Files\JetBrains\IntelliJ IDEA Community Edition 2021.2.1\plugins\maven\lib\maven3/conf"/>
    <property name="jdk.debug" value="release"/>
    <property name="java.class.version" value="61.0"/>
    <property name="java.specification.name" value="Java Platform API Specification"/>
    <property name="sun.management.compiler" value="HotSpot 64-Bit Tiered Compilers"/>
    <property name="os.version" value="10.0"/>
    <property name="user.home" value="C:\Users\Me"/>
    <property name="user.timezone" value="Europe/Kiev"/>
    <property name="file.encoding" value="UTF-8"/>
    <property name="java.specification.version" value="17"/>
    <property name="user.name" value="Me"/>
    <property name="java.class.path" value="C:\Program Files\JetBrains\IntelliJ IDEA Community Edition 2021.2.1\plugins\maven\lib\maven3\boot\plexus-classworlds-2.6.0.jar;C:\Program Files\JetBrains\IntelliJ IDEA Community Edition 2021.2.1\plugins\maven\lib\maven3\boot\plexus-classworlds.license"/>
    <property name="java.vm.specification.version" value="17"/>
    <property name="sun.arch.data.model" value="64"/>
    <property name="sun.java.command" value="org.codehaus.classworlds.Launcher -Didea.version=2021.2.1 install"/>
    <property name="java.home" value="C:\Program Files\Java\jdk-17.0.3.1"/>
    <property name="user.language" value="en"/>
    <property name="java.specification.vendor" value="Oracle Corporation"/>
    <property name="java.vm.info" value="mixed mode, sharing"/>
    <property name="java.version" value="17.0.3.1"/>
    <property name="native.encoding" value="Cp1252"/>
    <property name="java.vendor" value="Oracle Corporation"/>
    <property name="maven.home" value="C:\Program Files\JetBrains\IntelliJ IDEA Community Edition 2021.2.1\plugins\maven\lib\maven3"/>
    <property name="file.separator" value="\"/>
    <property name="java.version.date" value="2022-04-22"/>
    <property name="java.vendor.url.bug" value="https://bugreport.java.com/bugreport/"/>
    <property name="sun.io.unicode.encoding" value="UnicodeLittle"/>
    <property name="sun.cpu.endian" value="little"/>
    <property name="sun.cpu.isalist" value="amd64"/>
  </properties>
  <testcase classname="LithuanianNationalIdValidatorTest" name="validateLength_LengthLessThan11_False" time="0"/>
  <testcase classname="LithuanianNationalIdValidatorTest" name="centuryFromIdFirstDigit_FirstDigit5or6_21" time="0"/>
  <testcase classname="LithuanianNationalIdValidatorTest" name="validateControlDigit_IDWithIncorrectLastDigit_False" time="0"/>
  <testcase classname="LithuanianNationalIdValidatorTest" name="validateGender_FemaleID_True" time="0"/>
  <testcase classname="LithuanianNationalIdValidatorTest" name="validateBirthDate_BirthDate000000_True" time="0"/>
  <testcase classname="LithuanianNationalIdValidatorTest" name="centuryFromIdFirstDigit_FirstDigitWrong_00" time="0"/>
  <testcase classname="LithuanianNationalIdValidatorTest" name="calculateControlDigitSum_GivenValidId_ShouldBeEqualsTo283" time="0"/>
  <testcase classname="LithuanianNationalIdValidatorTest" name="validateControlDigit_IDWithCorrectLastDigit_True" time="0"/>
  <testcase classname="LithuanianNationalIdValidatorTest" name="validateLength_ValidLength_True" time="0"/>
  <testcase classname="LithuanianNationalIdValidatorTest" name="validateLength_LengthMoreThan11_False" time="0"/>
  <testcase classname="LithuanianNationalIdValidatorTest" name="validateID_ValidID_True" time="0.032"/>
  <testcase classname="LithuanianNationalIdValidatorTest" name="validateBirthDate_IDWithInvalidBirthDate_False" time="0"/>
  <testcase classname="LithuanianNationalIdValidatorTest" name="validateID_InvalidID_False" time="0"/>
  <testcase classname="LithuanianNationalIdValidatorTest" name="validateGender_MaleID_True" time="0"/>
  <testcase classname="LithuanianNationalIdValidatorTest" name="centuryFromIdFirstDigit_FirstDigit3or4_20" time="0"/>
  <testcase classname="LithuanianNationalIdValidatorTest" name="validateGender_WrongGenderNumber_False" time="0"/>
  <testcase classname="LithuanianNationalIdValidatorTest" name="validateBirthDate_IDWithValidBirthDate_True" time="0"/>
</testsuite>